<?xml version="1.0" encoding="UTF-8"?>
<!-- Generated by org.testng.reporters.JUnitXMLReporter -->
<testsuite hostname="sks-PC" ignored="0" name="Default test" tests="11" failures="0" timestamp="2020-09-04T14:30:18 IST" time="29.187" errors="0">
  <testcase name="ValidateClick" time="0.174" classname="Com.Capge.Hos.Script.TestScript"/>
  <testcase name="ValidateCreateNewAccount" time="0.112" classname="Com.Capge.Hos.Script.TestScript"/>
  <testcase name="ValidateDrop_Day" time="6.635" classname="Com.Capge.Hos.Script.TestScript"/>
  <testcase name="ValidateDrop_Month" time="0.156" classname="Com.Capge.Hos.Script.TestScript"/>
  <testcase name="ValidateDrop_Year" time="0.153" classname="Com.Capge.Hos.Script.TestScript"/>
  <testcase name="ValidateFemale" time="0.063" classname="Com.Capge.Hos.Script.TestScript"/>
  <testcase name="ValidateFirstname" time="0.261" classname="Com.Capge.Hos.Script.TestScript"/>
  <testcase name="ValidateTitle" time="0.021" classname="Com.Capge.Hos.Script.TestScript"/>
  <testcase name="ValidateUrl" time="0.012" classname="Com.Capge.Hos.Script.TestScript"/>
  <testcase name="validateEmail" time="0.188" classname="Com.Capge.Hos.Script.TestScript"/>
  <testcase name="validatePass" time="0.223" classname="Com.Capge.Hos.Script.TestScript"/>
</testsuite> <!-- Default test -->
